<?xml version="1.0" encoding="UTF-8"?>
<testsuite xmlns:xsi="http://www.w3.org/2001/XMLSchema-instance" xsi:noNamespaceSchemaLocation="https://maven.apache.org/surefire/maven-surefire-plugin/xsd/surefire-test-report.xsd" name="org.cph.vhr.VhrApplicationTests" time="7.265" tests="1" errors="0" skipped="0" failures="0">
  <properties>
    <property name="sun.desktop" value="windows"/>
    <property name="awt.toolkit" value="sun.awt.windows.WToolkit"/>
    <property name="file.encoding.pkg" value="sun.io"/>
    <property name="java.specification.version" value="1.8"/>
    <property name="sun.cpu.isalist" value="amd64"/>
    <property name="sun.jnu.encoding" value="GBK"/>
    <property name="java.class.path" value="C:\Users\cph97\Desktop\GraduationProject\vhr\vhrserver\vhr-web\target\test-classes;C:\Users\cph97\Desktop\GraduationProject\vhr\vhrserver\vhr-web\target\classes;D:\developmentTool\repository\net\oschina\zcx7878\fastdfs-client-java\1.27.0.0\fastdfs-client-java-1.27.0.0.jar;D:\developmentTool\repository\org\springframework\boot\spring-boot-starter-websocket\2.1.8.RELEASE\spring-boot-starter-websocket-2.1.8.RELEASE.jar;D:\developmentTool\repository\org\springframework\boot\spring-boot-starter-web\2.4.0\spring-boot-starter-web-2.4.0.jar;D:\developmentTool\repository\org\springframework\boot\spring-boot-starter-json\2.4.0\spring-boot-starter-json-2.4.0.jar;D:\developmentTool\repository\com\fasterxml\jackson\core\jackson-databind\2.11.3\jackson-databind-2.11.3.jar;D:\developmentTool\repository\com\fasterxml\jackson\core\jackson-annotations\2.11.3\jackson-annotations-2.11.3.jar;D:\developmentTool\repository\com\fasterxml\jackson\core\jackson-core\2.11.3\jackson-core-2.11.3.jar;D:\developmentTool\repository\com\fasterxml\jackson\datatype\jackson-datatype-jdk8\2.11.3\jackson-datatype-jdk8-2.11.3.jar;D:\developmentTool\repository\com\fasterxml\jackson\datatype\jackson-datatype-jsr310\2.11.3\jackson-datatype-jsr310-2.11.3.jar;D:\developmentTool\repository\com\fasterxml\jackson\module\jackson-module-parameter-names\2.11.3\jackson-module-parameter-names-2.11.3.jar;D:\developmentTool\repository\org\springframework\boot\spring-boot-starter-tomcat\2.4.0\spring-boot-starter-tomcat-2.4.0.jar;D:\developmentTool\repository\org\apache\tomcat\embed\tomcat-embed-core\9.0.39\tomcat-embed-core-9.0.39.jar;D:\developmentTool\repository\org\glassfish\jakarta.el\3.0.3\jakarta.el-3.0.3.jar;D:\developmentTool\repository\org\apache\tomcat\embed\tomcat-embed-websocket\9.0.39\tomcat-embed-websocket-9.0.39.jar;D:\developmentTool\repository\org\springframework\spring-web\5.3.1\spring-web-5.3.1.jar;D:\developmentTool\repository\org\springframework\spring-webmvc\5.3.1\spring-webmvc-5.3.1.jar;D:\developmentTool\repository\org\springframework\spring-messaging\5.3.1\spring-messaging-5.3.1.jar;D:\developmentTool\repository\org\springframework\spring-beans\5.3.1\spring-beans-5.3.1.jar;D:\developmentTool\repository\org\springframework\spring-websocket\5.3.1\spring-websocket-5.3.1.jar;D:\developmentTool\repository\org\springframework\spring-context\5.3.1\spring-context-5.3.1.jar;C:\Users\cph97\Desktop\GraduationProject\vhr\vhrserver\vhr-service\target\vhr-service-1.0-SNAPSHOT.jar;D:\developmentTool\repository\org\springframework\boot\spring-boot-starter-amqp\2.4.0\spring-boot-starter-amqp-2.4.0.jar;D:\developmentTool\repository\org\springframework\amqp\spring-rabbit\2.3.1\spring-rabbit-2.3.1.jar;D:\developmentTool\repository\org\springframework\amqp\spring-amqp\2.3.1\spring-amqp-2.3.1.jar;D:\developmentTool\repository\org\springframework\retry\spring-retry\1.3.0\spring-retry-1.3.0.jar;D:\developmentTool\repository\com\rabbitmq\amqp-client\5.10.0\amqp-client-5.10.0.jar;D:\developmentTool\repository\org\springframework\spring-tx\5.3.1\spring-tx-5.3.1.jar;C:\Users\cph97\Desktop\GraduationProject\vhr\vhrserver\vhr-mapper\target\vhr-mapper-1.0-SNAPSHOT.jar;C:\Users\cph97\Desktop\GraduationProject\vhr\vhrserver\vhr-model\target\vhr-model-1.0-SNAPSHOT.jar;D:\developmentTool\repository\org\springframework\boot\spring-boot-starter-security\2.4.0\spring-boot-starter-security-2.4.0.jar;D:\developmentTool\repository\org\springframework\security\spring-security-config\5.4.1\spring-security-config-5.4.1.jar;D:\developmentTool\repository\org\mybatis\spring\boot\mybatis-spring-boot-starter\2.1.4\mybatis-spring-boot-starter-2.1.4.jar;D:\developmentTool\repository\org\springframework\boot\spring-boot-starter-jdbc\2.4.0\spring-boot-starter-jdbc-2.4.0.jar;D:\developmentTool\repository\com\zaxxer\HikariCP\3.4.5\HikariCP-3.4.5.jar;D:\developmentTool\repository\org\springframework\spring-jdbc\5.3.1\spring-jdbc-5.3.1.jar;D:\developmentTool\repository\org\mybatis\spring\boot\mybatis-spring-boot-autoconfigure\2.1.4\mybatis-spring-boot-autoconfigure-2.1.4.jar;D:\developmentTool\repository\org\mybatis\mybatis\3.5.6\mybatis-3.5.6.jar;D:\developmentTool\repository\org\mybatis\mybatis-spring\2.0.6\mybatis-spring-2.0.6.jar;D:\developmentTool\repository\com\alibaba\druid-spring-boot-starter\1.1.10\druid-spring-boot-starter-1.1.10.jar;D:\developmentTool\repository\com\alibaba\druid\1.1.10\druid-1.1.10.jar;D:\developmentTool\repository\org\apache\poi\poi\4.1.2\poi-4.1.2.jar;D:\developmentTool\repository\commons-codec\commons-codec\1.15\commons-codec-1.15.jar;D:\developmentTool\repository\org\apache\commons\commons-collections4\4.4\commons-collections4-4.4.jar;D:\developmentTool\repository\org\apache\commons\commons-math3\3.6.1\commons-math3-3.6.1.jar;D:\developmentTool\repository\com\zaxxer\SparseBitSet\1.2\SparseBitSet-1.2.jar;D:\developmentTool\repository\org\springframework\boot\spring-boot-starter-cache\2.4.0\spring-boot-starter-cache-2.4.0.jar;D:\developmentTool\repository\org\springframework\spring-context-support\5.3.1\spring-context-support-5.3.1.jar;D:\developmentTool\repository\org\springframework\boot\spring-boot-starter-data-redis\2.4.0\spring-boot-starter-data-redis-2.4.0.jar;D:\developmentTool\repository\org\springframework\data\spring-data-redis\2.4.1\spring-data-redis-2.4.1.jar;D:\developmentTool\repository\org\springframework\data\spring-data-keyvalue\2.4.1\spring-data-keyvalue-2.4.1.jar;D:\developmentTool\repository\org\springframework\data\spring-data-commons\2.4.1\spring-data-commons-2.4.1.jar;D:\developmentTool\repository\org\springframework\spring-oxm\5.3.1\spring-oxm-5.3.1.jar;D:\developmentTool\repository\io\lettuce\lettuce-core\6.0.1.RELEASE\lettuce-core-6.0.1.RELEASE.jar;D:\developmentTool\repository\io\netty\netty-common\4.1.54.Final\netty-common-4.1.54.Final.jar;D:\developmentTool\repository\io\netty\netty-handler\4.1.54.Final\netty-handler-4.1.54.Final.jar;D:\developmentTool\repository\io\netty\netty-resolver\4.1.54.Final\netty-resolver-4.1.54.Final.jar;D:\developmentTool\repository\io\netty\netty-buffer\4.1.54.Final\netty-buffer-4.1.54.Final.jar;D:\developmentTool\repository\io\netty\netty-codec\4.1.54.Final\netty-codec-4.1.54.Final.jar;D:\developmentTool\repository\io\netty\netty-transport\4.1.54.Final\netty-transport-4.1.54.Final.jar;D:\developmentTool\repository\io\projectreactor\reactor-core\3.4.0\reactor-core-3.4.0.jar;D:\developmentTool\repository\org\reactivestreams\reactive-streams\1.0.3\reactive-streams-1.0.3.jar;D:\developmentTool\repository\mysql\mysql-connector-java\5.1.27\mysql-connector-java-5.1.27.jar;D:\developmentTool\repository\org\springframework\boot\spring-boot-starter-test\2.4.0\spring-boot-starter-test-2.4.0.jar;D:\developmentTool\repository\org\springframework\boot\spring-boot-starter\2.4.0\spring-boot-starter-2.4.0.jar;D:\developmentTool\repository\org\springframework\boot\spring-boot\2.4.0\spring-boot-2.4.0.jar;D:\developmentTool\repository\org\springframework\boot\spring-boot-autoconfigure\2.4.0\spring-boot-autoconfigure-2.4.0.jar;D:\developmentTool\repository\org\springframework\boot\spring-boot-starter-logging\2.4.0\spring-boot-starter-logging-2.4.0.jar;D:\developmentTool\repository\ch\qos\logback\logback-classic\1.2.3\logback-classic-1.2.3.jar;D:\developmentTool\repository\ch\qos\logback\logback-core\1.2.3\logback-core-1.2.3.jar;D:\developmentTool\repository\org\apache\logging\log4j\log4j-to-slf4j\2.13.3\log4j-to-slf4j-2.13.3.jar;D:\developmentTool\repository\org\apache\logging\log4j\log4j-api\2.13.3\log4j-api-2.13.3.jar;D:\developmentTool\repository\org\slf4j\jul-to-slf4j\1.7.30\jul-to-slf4j-1.7.30.jar;D:\developmentTool\repository\jakarta\annotation\jakarta.annotation-api\1.3.5\jakarta.annotation-api-1.3.5.jar;D:\developmentTool\repository\org\yaml\snakeyaml\1.27\snakeyaml-1.27.jar;D:\developmentTool\repository\org\springframework\boot\spring-boot-test\2.4.0\spring-boot-test-2.4.0.jar;D:\developmentTool\repository\org\springframework\boot\spring-boot-test-autoconfigure\2.4.0\spring-boot-test-autoconfigure-2.4.0.jar;D:\developmentTool\repository\com\jayway\jsonpath\json-path\2.4.0\json-path-2.4.0.jar;D:\developmentTool\repository\net\minidev\json-smart\2.3\json-smart-2.3.jar;D:\developmentTool\repository\net\minidev\accessors-smart\1.2\accessors-smart-1.2.jar;D:\developmentTool\repository\org\ow2\asm\asm\5.0.4\asm-5.0.4.jar;D:\developmentTool\repository\org\slf4j\slf4j-api\1.7.30\slf4j-api-1.7.30.jar;D:\developmentTool\repository\jakarta\xml\bind\jakarta.xml.bind-api\2.3.3\jakarta.xml.bind-api-2.3.3.jar;D:\developmentTool\repository\jakarta\activation\jakarta.activation-api\1.2.2\jakarta.activation-api-1.2.2.jar;D:\developmentTool\repository\org\assertj\assertj-core\3.18.1\assertj-core-3.18.1.jar;D:\developmentTool\repository\org\hamcrest\hamcrest\2.2\hamcrest-2.2.jar;D:\developmentTool\repository\org\junit\jupiter\junit-jupiter\5.7.0\junit-jupiter-5.7.0.jar;D:\developmentTool\repository\org\junit\jupiter\junit-jupiter-api\5.7.0\junit-jupiter-api-5.7.0.jar;D:\developmentTool\repository\org\apiguardian\apiguardian-api\1.1.0\apiguardian-api-1.1.0.jar;D:\developmentTool\repository\org\opentest4j\opentest4j\1.2.0\opentest4j-1.2.0.jar;D:\developmentTool\repository\org\junit\platform\junit-platform-commons\1.7.0\junit-platform-commons-1.7.0.jar;D:\developmentTool\repository\org\junit\jupiter\junit-jupiter-params\5.7.0\junit-jupiter-params-5.7.0.jar;D:\developmentTool\repository\org\junit\jupiter\junit-jupiter-engine\5.7.0\junit-jupiter-engine-5.7.0.jar;D:\developmentTool\repository\org\junit\platform\junit-platform-engine\1.7.0\junit-platform-engine-1.7.0.jar;D:\developmentTool\repository\org\mockito\mockito-core\3.6.0\mockito-core-3.6.0.jar;D:\developmentTool\repository\net\bytebuddy\byte-buddy\1.10.18\byte-buddy-1.10.18.jar;D:\developmentTool\repository\net\bytebuddy\byte-buddy-agent\1.10.18\byte-buddy-agent-1.10.18.jar;D:\developmentTool\repository\org\objenesis\objenesis\3.1\objenesis-3.1.jar;D:\developmentTool\repository\org\mockito\mockito-junit-jupiter\3.6.0\mockito-junit-jupiter-3.6.0.jar;D:\developmentTool\repository\org\skyscreamer\jsonassert\1.5.0\jsonassert-1.5.0.jar;D:\developmentTool\repository\com\vaadin\external\google\android-json\0.0.20131108.vaadin1\android-json-0.0.20131108.vaadin1.jar;D:\developmentTool\repository\org\springframework\spring-core\5.3.1\spring-core-5.3.1.jar;D:\developmentTool\repository\org\springframework\spring-jcl\5.3.1\spring-jcl-5.3.1.jar;D:\developmentTool\repository\org\springframework\spring-test\5.3.1\spring-test-5.3.1.jar;D:\developmentTool\repository\org\xmlunit\xmlunit-core\2.7.0\xmlunit-core-2.7.0.jar;D:\developmentTool\repository\org\springframework\security\spring-security-test\5.4.1\spring-security-test-5.4.1.jar;D:\developmentTool\repository\org\springframework\security\spring-security-core\5.4.1\spring-security-core-5.4.1.jar;D:\developmentTool\repository\org\springframework\spring-aop\5.3.1\spring-aop-5.3.1.jar;D:\developmentTool\repository\org\springframework\spring-expression\5.3.1\spring-expression-5.3.1.jar;D:\developmentTool\repository\org\springframework\security\spring-security-web\5.4.1\spring-security-web-5.4.1.jar;"/>
    <property name="java.vm.vendor" value="Oracle Corporation"/>
    <property name="sun.arch.data.model" value="64"/>
    <property name="user.variant" value=""/>
    <property name="java.vendor.url" value="http://java.oracle.com/"/>
    <property name="user.timezone" value="Asia/Shanghai"/>
    <property name="java.vm.specification.version" value="1.8"/>
    <property name="os.name" value="Windows 10"/>
    <property name="user.country" value="CN"/>
    <property name="sun.java.launcher" value="SUN_STANDARD"/>
    <property name="sun.boot.library.path" value="D:\developmentTool\jdk\jdk1.8.0_261\jre\bin"/>
    <property name="sun.java.command" value="C:\Users\cph97\AppData\Local\Temp\surefire855619897148338420\surefirebooter809263552618623408.jar C:\Users\cph97\AppData\Local\Temp\surefire855619897148338420 2021-02-28T21-03-30_823-jvmRun1 surefire3335359337311966890tmp surefire_025910597922999992tmp"/>
    <property name="surefire.test.class.path" value="C:\Users\cph97\Desktop\GraduationProject\vhr\vhrserver\vhr-web\target\test-classes;C:\Users\cph97\Desktop\GraduationProject\vhr\vhrserver\vhr-web\target\classes;D:\developmentTool\repository\net\oschina\zcx7878\fastdfs-client-java\1.27.0.0\fastdfs-client-java-1.27.0.0.jar;D:\developmentTool\repository\org\springframework\boot\spring-boot-starter-websocket\2.1.8.RELEASE\spring-boot-starter-websocket-2.1.8.RELEASE.jar;D:\developmentTool\repository\org\springframework\boot\spring-boot-starter-web\2.4.0\spring-boot-starter-web-2.4.0.jar;D:\developmentTool\repository\org\springframework\boot\spring-boot-starter-json\2.4.0\spring-boot-starter-json-2.4.0.jar;D:\developmentTool\repository\com\fasterxml\jackson\core\jackson-databind\2.11.3\jackson-databind-2.11.3.jar;D:\developmentTool\repository\com\fasterxml\jackson\core\jackson-annotations\2.11.3\jackson-annotations-2.11.3.jar;D:\developmentTool\repository\com\fasterxml\jackson\core\jackson-core\2.11.3\jackson-core-2.11.3.jar;D:\developmentTool\repository\com\fasterxml\jackson\datatype\jackson-datatype-jdk8\2.11.3\jackson-datatype-jdk8-2.11.3.jar;D:\developmentTool\repository\com\fasterxml\jackson\datatype\jackson-datatype-jsr310\2.11.3\jackson-datatype-jsr310-2.11.3.jar;D:\developmentTool\repository\com\fasterxml\jackson\module\jackson-module-parameter-names\2.11.3\jackson-module-parameter-names-2.11.3.jar;D:\developmentTool\repository\org\springframework\boot\spring-boot-starter-tomcat\2.4.0\spring-boot-starter-tomcat-2.4.0.jar;D:\developmentTool\repository\org\apache\tomcat\embed\tomcat-embed-core\9.0.39\tomcat-embed-core-9.0.39.jar;D:\developmentTool\repository\org\glassfish\jakarta.el\3.0.3\jakarta.el-3.0.3.jar;D:\developmentTool\repository\org\apache\tomcat\embed\tomcat-embed-websocket\9.0.39\tomcat-embed-websocket-9.0.39.jar;D:\developmentTool\repository\org\springframework\spring-web\5.3.1\spring-web-5.3.1.jar;D:\developmentTool\repository\org\springframework\spring-webmvc\5.3.1\spring-webmvc-5.3.1.jar;D:\developmentTool\repository\org\springframework\spring-messaging\5.3.1\spring-messaging-5.3.1.jar;D:\developmentTool\repository\org\springframework\spring-beans\5.3.1\spring-beans-5.3.1.jar;D:\developmentTool\repository\org\springframework\spring-websocket\5.3.1\spring-websocket-5.3.1.jar;D:\developmentTool\repository\org\springframework\spring-context\5.3.1\spring-context-5.3.1.jar;C:\Users\cph97\Desktop\GraduationProject\vhr\vhrserver\vhr-service\target\vhr-service-1.0-SNAPSHOT.jar;D:\developmentTool\repository\org\springframework\boot\spring-boot-starter-amqp\2.4.0\spring-boot-starter-amqp-2.4.0.jar;D:\developmentTool\repository\org\springframework\amqp\spring-rabbit\2.3.1\spring-rabbit-2.3.1.jar;D:\developmentTool\repository\org\springframework\amqp\spring-amqp\2.3.1\spring-amqp-2.3.1.jar;D:\developmentTool\repository\org\springframework\retry\spring-retry\1.3.0\spring-retry-1.3.0.jar;D:\developmentTool\repository\com\rabbitmq\amqp-client\5.10.0\amqp-client-5.10.0.jar;D:\developmentTool\repository\org\springframework\spring-tx\5.3.1\spring-tx-5.3.1.jar;C:\Users\cph97\Desktop\GraduationProject\vhr\vhrserver\vhr-mapper\target\vhr-mapper-1.0-SNAPSHOT.jar;C:\Users\cph97\Desktop\GraduationProject\vhr\vhrserver\vhr-model\target\vhr-model-1.0-SNAPSHOT.jar;D:\developmentTool\repository\org\springframework\boot\spring-boot-starter-security\2.4.0\spring-boot-starter-security-2.4.0.jar;D:\developmentTool\repository\org\springframework\security\spring-security-config\5.4.1\spring-security-config-5.4.1.jar;D:\developmentTool\repository\org\mybatis\spring\boot\mybatis-spring-boot-starter\2.1.4\mybatis-spring-boot-starter-2.1.4.jar;D:\developmentTool\repository\org\springframework\boot\spring-boot-starter-jdbc\2.4.0\spring-boot-starter-jdbc-2.4.0.jar;D:\developmentTool\repository\com\zaxxer\HikariCP\3.4.5\HikariCP-3.4.5.jar;D:\developmentTool\repository\org\springframework\spring-jdbc\5.3.1\spring-jdbc-5.3.1.jar;D:\developmentTool\repository\org\mybatis\spring\boot\mybatis-spring-boot-autoconfigure\2.1.4\mybatis-spring-boot-autoconfigure-2.1.4.jar;D:\developmentTool\repository\org\mybatis\mybatis\3.5.6\mybatis-3.5.6.jar;D:\developmentTool\repository\org\mybatis\mybatis-spring\2.0.6\mybatis-spring-2.0.6.jar;D:\developmentTool\repository\com\alibaba\druid-spring-boot-starter\1.1.10\druid-spring-boot-starter-1.1.10.jar;D:\developmentTool\repository\com\alibaba\druid\1.1.10\druid-1.1.10.jar;D:\developmentTool\repository\org\apache\poi\poi\4.1.2\poi-4.1.2.jar;D:\developmentTool\repository\commons-codec\commons-codec\1.15\commons-codec-1.15.jar;D:\developmentTool\repository\org\apache\commons\commons-collections4\4.4\commons-collections4-4.4.jar;D:\developmentTool\repository\org\apache\commons\commons-math3\3.6.1\commons-math3-3.6.1.jar;D:\developmentTool\repository\com\zaxxer\SparseBitSet\1.2\SparseBitSet-1.2.jar;D:\developmentTool\repository\org\springframework\boot\spring-boot-starter-cache\2.4.0\spring-boot-starter-cache-2.4.0.jar;D:\developmentTool\repository\org\springframework\spring-context-support\5.3.1\spring-context-support-5.3.1.jar;D:\developmentTool\repository\org\springframework\boot\spring-boot-starter-data-redis\2.4.0\spring-boot-starter-data-redis-2.4.0.jar;D:\developmentTool\repository\org\springframework\data\spring-data-redis\2.4.1\spring-data-redis-2.4.1.jar;D:\developmentTool\repository\org\springframework\data\spring-data-keyvalue\2.4.1\spring-data-keyvalue-2.4.1.jar;D:\developmentTool\repository\org\springframework\data\spring-data-commons\2.4.1\spring-data-commons-2.4.1.jar;D:\developmentTool\repository\org\springframework\spring-oxm\5.3.1\spring-oxm-5.3.1.jar;D:\developmentTool\repository\io\lettuce\lettuce-core\6.0.1.RELEASE\lettuce-core-6.0.1.RELEASE.jar;D:\developmentTool\repository\io\netty\netty-common\4.1.54.Final\netty-common-4.1.54.Final.jar;D:\developmentTool\repository\io\netty\netty-handler\4.1.54.Final\netty-handler-4.1.54.Final.jar;D:\developmentTool\repository\io\netty\netty-resolver\4.1.54.Final\netty-resolver-4.1.54.Final.jar;D:\developmentTool\repository\io\netty\netty-buffer\4.1.54.Final\netty-buffer-4.1.54.Final.jar;D:\developmentTool\repository\io\netty\netty-codec\4.1.54.Final\netty-codec-4.1.54.Final.jar;D:\developmentTool\repository\io\netty\netty-transport\4.1.54.Final\netty-transport-4.1.54.Final.jar;D:\developmentTool\repository\io\projectreactor\reactor-core\3.4.0\reactor-core-3.4.0.jar;D:\developmentTool\repository\org\reactivestreams\reactive-streams\1.0.3\reactive-streams-1.0.3.jar;D:\developmentTool\repository\mysql\mysql-connector-java\5.1.27\mysql-connector-java-5.1.27.jar;D:\developmentTool\repository\org\springframework\boot\spring-boot-starter-test\2.4.0\spring-boot-starter-test-2.4.0.jar;D:\developmentTool\repository\org\springframework\boot\spring-boot-starter\2.4.0\spring-boot-starter-2.4.0.jar;D:\developmentTool\repository\org\springframework\boot\spring-boot\2.4.0\spring-boot-2.4.0.jar;D:\developmentTool\repository\org\springframework\boot\spring-boot-autoconfigure\2.4.0\spring-boot-autoconfigure-2.4.0.jar;D:\developmentTool\repository\org\springframework\boot\spring-boot-starter-logging\2.4.0\spring-boot-starter-logging-2.4.0.jar;D:\developmentTool\repository\ch\qos\logback\logback-classic\1.2.3\logback-classic-1.2.3.jar;D:\developmentTool\repository\ch\qos\logback\logback-core\1.2.3\logback-core-1.2.3.jar;D:\developmentTool\repository\org\apache\logging\log4j\log4j-to-slf4j\2.13.3\log4j-to-slf4j-2.13.3.jar;D:\developmentTool\repository\org\apache\logging\log4j\log4j-api\2.13.3\log4j-api-2.13.3.jar;D:\developmentTool\repository\org\slf4j\jul-to-slf4j\1.7.30\jul-to-slf4j-1.7.30.jar;D:\developmentTool\repository\jakarta\annotation\jakarta.annotation-api\1.3.5\jakarta.annotation-api-1.3.5.jar;D:\developmentTool\repository\org\yaml\snakeyaml\1.27\snakeyaml-1.27.jar;D:\developmentTool\repository\org\springframework\boot\spring-boot-test\2.4.0\spring-boot-test-2.4.0.jar;D:\developmentTool\repository\org\springframework\boot\spring-boot-test-autoconfigure\2.4.0\spring-boot-test-autoconfigure-2.4.0.jar;D:\developmentTool\repository\com\jayway\jsonpath\json-path\2.4.0\json-path-2.4.0.jar;D:\developmentTool\repository\net\minidev\json-smart\2.3\json-smart-2.3.jar;D:\developmentTool\repository\net\minidev\accessors-smart\1.2\accessors-smart-1.2.jar;D:\developmentTool\repository\org\ow2\asm\asm\5.0.4\asm-5.0.4.jar;D:\developmentTool\repository\org\slf4j\slf4j-api\1.7.30\slf4j-api-1.7.30.jar;D:\developmentTool\repository\jakarta\xml\bind\jakarta.xml.bind-api\2.3.3\jakarta.xml.bind-api-2.3.3.jar;D:\developmentTool\repository\jakarta\activation\jakarta.activation-api\1.2.2\jakarta.activation-api-1.2.2.jar;D:\developmentTool\repository\org\assertj\assertj-core\3.18.1\assertj-core-3.18.1.jar;D:\developmentTool\repository\org\hamcrest\hamcrest\2.2\hamcrest-2.2.jar;D:\developmentTool\repository\org\junit\jupiter\junit-jupiter\5.7.0\junit-jupiter-5.7.0.jar;D:\developmentTool\repository\org\junit\jupiter\junit-jupiter-api\5.7.0\junit-jupiter-api-5.7.0.jar;D:\developmentTool\repository\org\apiguardian\apiguardian-api\1.1.0\apiguardian-api-1.1.0.jar;D:\developmentTool\repository\org\opentest4j\opentest4j\1.2.0\opentest4j-1.2.0.jar;D:\developmentTool\repository\org\junit\platform\junit-platform-commons\1.7.0\junit-platform-commons-1.7.0.jar;D:\developmentTool\repository\org\junit\jupiter\junit-jupiter-params\5.7.0\junit-jupiter-params-5.7.0.jar;D:\developmentTool\repository\org\junit\jupiter\junit-jupiter-engine\5.7.0\junit-jupiter-engine-5.7.0.jar;D:\developmentTool\repository\org\junit\platform\junit-platform-engine\1.7.0\junit-platform-engine-1.7.0.jar;D:\developmentTool\repository\org\mockito\mockito-core\3.6.0\mockito-core-3.6.0.jar;D:\developmentTool\repository\net\bytebuddy\byte-buddy\1.10.18\byte-buddy-1.10.18.jar;D:\developmentTool\repository\net\bytebuddy\byte-buddy-agent\1.10.18\byte-buddy-agent-1.10.18.jar;D:\developmentTool\repository\org\objenesis\objenesis\3.1\objenesis-3.1.jar;D:\developmentTool\repository\org\mockito\mockito-junit-jupiter\3.6.0\mockito-junit-jupiter-3.6.0.jar;D:\developmentTool\repository\org\skyscreamer\jsonassert\1.5.0\jsonassert-1.5.0.jar;D:\developmentTool\repository\com\vaadin\external\google\android-json\0.0.20131108.vaadin1\android-json-0.0.20131108.vaadin1.jar;D:\developmentTool\repository\org\springframework\spring-core\5.3.1\spring-core-5.3.1.jar;D:\developmentTool\repository\org\springframework\spring-jcl\5.3.1\spring-jcl-5.3.1.jar;D:\developmentTool\repository\org\springframework\spring-test\5.3.1\spring-test-5.3.1.jar;D:\developmentTool\repository\org\xmlunit\xmlunit-core\2.7.0\xmlunit-core-2.7.0.jar;D:\developmentTool\repository\org\springframework\security\spring-security-test\5.4.1\spring-security-test-5.4.1.jar;D:\developmentTool\repository\org\springframework\security\spring-security-core\5.4.1\spring-security-core-5.4.1.jar;D:\developmentTool\repository\org\springframework\spring-aop\5.3.1\spring-aop-5.3.1.jar;D:\developmentTool\repository\org\springframework\spring-expression\5.3.1\spring-expression-5.3.1.jar;D:\developmentTool\repository\org\springframework\security\spring-security-web\5.4.1\spring-security-web-5.4.1.jar;"/>
    <property name="sun.cpu.endian" value="little"/>
    <property name="user.home" value="C:\Users\cph97"/>
    <property name="user.language" value="zh"/>
    <property name="java.specification.vendor" value="Oracle Corporation"/>
    <property name="java.home" value="D:\developmentTool\jdk\jdk1.8.0_261\jre"/>
    <property name="basedir" value="C:\Users\cph97\Desktop\GraduationProject\vhr\vhrserver\vhr-web"/>
    <property name="file.separator" value="\"/>
    <property name="line.separator" value="&#10;"/>
    <property name="java.vm.specification.vendor" value="Oracle Corporation"/>
    <property name="java.specification.name" value="Java Platform API Specification"/>
    <property name="java.awt.graphicsenv" value="sun.awt.Win32GraphicsEnvironment"/>
    <property name="surefire.real.class.path" value="C:\Users\cph97\AppData\Local\Temp\surefire855619897148338420\surefirebooter809263552618623408.jar"/>
    <property name="idea.version2020.1.4" value="true"/>
    <property name="sun.boot.class.path" value="D:\developmentTool\jdk\jdk1.8.0_261\jre\lib\resources.jar;D:\developmentTool\jdk\jdk1.8.0_261\jre\lib\rt.jar;D:\developmentTool\jdk\jdk1.8.0_261\jre\lib\sunrsasign.jar;D:\developmentTool\jdk\jdk1.8.0_261\jre\lib\jsse.jar;D:\developmentTool\jdk\jdk1.8.0_261\jre\lib\jce.jar;D:\developmentTool\jdk\jdk1.8.0_261\jre\lib\charsets.jar;D:\developmentTool\jdk\jdk1.8.0_261\jre\lib\jfr.jar;D:\developmentTool\jdk\jdk1.8.0_261\jre\classes"/>
    <property name="user.script" value=""/>
    <property name="sun.management.compiler" value="HotSpot 64-Bit Tiered Compilers"/>
    <property name="java.runtime.version" value="1.8.0_261-b12"/>
    <property name="user.name" value="cph97"/>
    <property name="path.separator" value=";"/>
    <property name="os.version" value="10.0"/>
    <property name="java.endorsed.dirs" value="D:\developmentTool\jdk\jdk1.8.0_261\jre\lib\endorsed"/>
    <property name="java.runtime.name" value="Java(TM) SE Runtime Environment"/>
    <property name="file.encoding" value="GBK"/>
    <property name="java.vm.name" value="Java HotSpot(TM) 64-Bit Server VM"/>
    <property name="localRepository" value="D:\developmentTool\repository"/>
    <property name="java.vendor.url.bug" value="http://bugreport.sun.com/bugreport/"/>
    <property name="java.io.tmpdir" value="C:\Users\cph97\AppData\Local\Temp\"/>
    <property name="java.version" value="1.8.0_261"/>
    <property name="user.dir" value="C:\Users\cph97\Desktop\GraduationProject\vhr\vhrserver\vhr-web"/>
    <property name="os.arch" value="amd64"/>
    <property name="java.vm.specification.name" value="Java Virtual Machine Specification"/>
    <property name="java.awt.printerjob" value="sun.awt.windows.WPrinterJob"/>
    <property name="sun.os.patch.level" value=""/>
    <property name="java.library.path" value="D:\developmentTool\jdk\jdk1.8.0_261\jre\bin;C:\WINDOWS\Sun\Java\bin;C:\WINDOWS\system32;C:\WINDOWS;C:\Program Files (x86)\Common Files\Oracle\Java\javapath;C:\WINDOWS\system32;C:\WINDOWS;C:\WINDOWS\System32\Wbem;C:\WINDOWS\System32\WindowsPowerShell\v1.0\;C:\WINDOWS\System32\OpenSSH\;D:\developmentTool\MySQL\MySQL Server 5.5_server\bin;D:\developmentTool\Git\cmd;C:\Program Files (x86)\NVIDIA Corporation\PhysX\Common;D:\developmentTool\Python;D:\developmentTool\jdk\jdk1.8.0_261\bin;C:\Users\cph97\AppData\Local\Microsoft\WindowsApps;D:\developmentTool\apache-maven-3.6.3-bin\apache-maven-3.6.3\bin;D:\otherTool\BandZip\;D:\developmentTool\nodejs;D:\developmentTool\npmRepository\npm-global;C:\Users\cph97\AppData\Local\Microsoft\WindowsApps;;."/>
    <property name="java.vm.info" value="mixed mode"/>
    <property name="java.vendor" value="Oracle Corporation"/>
    <property name="java.vm.version" value="25.261-b12"/>
    <property name="java.ext.dirs" value="D:\developmentTool\jdk\jdk1.8.0_261\jre\lib\ext;C:\WINDOWS\Sun\Java\lib\ext"/>
    <property name="sun.io.unicode.encoding" value="UnicodeLittle"/>
    <property name="maven.repo.local" value="D:\developmentTool\repository"/>
    <property name="java.class.version" value="52.0"/>
  </properties>
  <testcase name="contextLoads" classname="org.cph.vhr.VhrApplicationTests" time="0.431"/>
</testsuite>